<?xml version="1.0" encoding="UTF-8"?>
<!-- Generated by org.testng.reporters.JUnitReportReporter -->
<testsuite hostname="inbl01lap04326" failures="0" tests="1" name="com.af.tests.SauceTest4" time="10.083" errors="0" timestamp="2021-08-11T11:54:08 IST" skipped="0">
  <testcase classname="com.af.tests.SauceTest4" name="loginLogoutSaucePortal3" time="10.083"/>
  <system-out/>
</testsuite> <!-- com.af.tests.SauceTest4 -->
