<?xml version="1.0" encoding="UTF-8"?>
<!-- Generated by org.testng.reporters.JUnitReportReporter -->
<testsuite hostname="inbl01lap04326" failures="0" tests="1" name="com.af.tests.SauceTest2" time="15.851" errors="0" timestamp="2021-08-11T11:54:08 IST" skipped="0">
  <testcase classname="com.af.tests.SauceTest2" name="loginLogoutSaucePortal1" time="15.851"/>
  <system-out/>
</testsuite> <!-- com.af.tests.SauceTest2 -->
