<?xml version="1.0" encoding="UTF-8"?>
<!-- Generated by org.testng.reporters.JUnitReportReporter -->
<testsuite hostname="inbl01lap04326" failures="0" tests="1" name="com.af.tests.HomePage" time="10.693" errors="0" timestamp="2021-08-10T13:20:07 IST" skipped="0">
  <testcase classname="com.af.tests.HomePage" name="test2" time="10.693"/>
  <system-out/>
</testsuite> <!-- com.af.tests.HomePage -->
