<?xml version="1.0" encoding="UTF-8"?>
<!-- Generated by org.testng.reporters.JUnitReportReporter -->
<testsuite hostname="inbl01lap04326" failures="0" tests="2" name="com.af.tests.LoginpageTest" time="31.974" errors="0" timestamp="2021-08-10T13:20:07 IST" skipped="0">
  <testcase classname="com.af.tests.LoginpageTest" name="test1" time="17.580"/>
  <system-out/>
  <testcase classname="com.af.tests.LoginpageTest" name="test2" time="14.394"/>
  <system-out/>
</testsuite> <!-- com.af.tests.LoginpageTest -->
