<?xml version="1.0" encoding="UTF-8"?>
<!-- Generated by org.testng.reporters.JUnitReportReporter -->
<testsuite skipped="0" hostname="inbl01lap04326" name="com.af.tests.SauceTest" tests="1" failures="0" timestamp="2021-08-12T17:27:43 IST" time="10.407" errors="0">
  <testcase name="loginLogoutSaucePortal3" time="10.407" classname="com.af.tests.SauceTest"/>
  <system-out/>
</testsuite> <!-- com.af.tests.SauceTest -->
